 【登录信息】
待签到用户数: 2个

*5b31fd3a6de5c029b6d14409aa8dc2ee*
`登陆天数: 42天 / 65天
等级: 125
石头: 1940
呼符: 56
体力: 183415.96333333335 / 137
友情点: 0 / 111805`
*連続ログイン7日間到達おめでとうございます！
明日は1日目からリスタートされます。*
`英霊結晶・日輪のフォウくん X 1
呼符 X 1
8月交換券(2025) X 1
`_2025-08-07 19:37:29_
--------
*36c493e7a0db72ee49eaecc7fc9ff638*
`登陆天数: 36天 / 1752天
等级: 129
石头: 43
呼符: 6
体力: 17182.743333333332 / 138
友情点: 0 / 857000`
*連続ログイン1日目
※ログインが途切れるか、7日到達すると
1日目から再開されます*
`英霊結晶・星のフォウくん X 1
フレンドポイント X 2000
8月交換券(2025) X 1
`_2025-08-07 19:37:37_
--------
