 【登录信息】
待签到用户数: 2个

*5b31fd3a6de5c029b6d14409aa8dc2ee*
`登陆天数: 45天 / 68天
等级: 125
石头: 1940
呼符: 56
体力: 184279.45333333334 / 137
友情点: 0 / 111805`
*連続ログイン3日目
※ログインが途切れるか、7日到達すると
1日目から再開されます*
`英霊結晶・星のフォウくん X 1
叡智の業火 X 1
8月交換券(2025) X 1
`_2025-08-10 19:34:56_
--------
*36c493e7a0db72ee49eaecc7fc9ff638*
`登陆天数: 39天 / 1755天
等级: 129
石头: 43
呼符: 6
体力: 18046.233333333334 / 138
友情点: 0 / 857000`
*連続ログイン4日目
※ログインが途切れるか、7日到達すると
1日目から再開されます*
`英霊結晶・太陽のフォウくん X 1
聖晶石 X 1
8月交換券(2025) X 1
`_2025-08-10 19:35:04_
--------
