 【登录信息】
待签到用户数: 4个

*5b31fd3a6de5c029b6d14409aa8dc2ee*
`登陆天数: 49天 / 72天
等级: 125
石头: 1940
呼符: 56
体力: 185568.52666666667 / 137
友情点: 0 / 111805`
_2025-08-15 07:00:19_
--------
*36c493e7a0db72ee49eaecc7fc9ff638*
`登陆天数: 43天 / 1759天
等级: 129
石头: 43
呼符: 6
体力: 19335.31 / 138
友情点: 0 / 857000`
_2025-08-15 07:00:27_
--------
*8689154d0a67f48e86b04010c9a29579*
`登陆天数: 1天 / 1583天
等级: 129
石头: 791
呼符: 25
体力: 78996.82666666666 / 138
友情点: 0 / 1474580`
_2025-08-15 07:00:35_
--------
*c94aade4f3e085e195dd9a4f10cffb4f*
`登陆天数: 1天 / 1735天
等级: 129
石头: 234
呼符: 30
体力: 79107.51 / 138
友情点: 0 / 1240585`
_2025-08-15 07:00:43_
--------
