 【登录信息】
待签到用户数: 4个

*5b31fd3a6de5c029b6d14409aa8dc2ee*
`登陆天数: 50天 / 73天
等级: 125
石头: 1940
呼符: 56
体力: 185719.54666666666 / 137
友情点: 0 / 111805`
*連続ログイン1日目
※ログインが途切れるか、7日到達すると
1日目から再開されます*
`英霊結晶・星のフォウくん X 1
フレンドポイント X 2000
8月交換券(2025) X 1
`_2025-08-15 19:35:24_
--------
*36c493e7a0db72ee49eaecc7fc9ff638*
`登陆天数: 44天 / 1760天
等级: 129
石头: 43
呼符: 6
体力: 19486.33 / 138
友情点: 0 / 857000`
*連続ログイン2日目
※ログインが途切れるか、7日到達すると
1日目から再開されます*
`英霊結晶・太陽のフォウくん X 1
聖晶石 X 1
8月交換券(2025) X 1
`_2025-08-15 19:35:32_
--------
*8689154d0a67f48e86b04010c9a29579*
`登陆天数: 2天 / 1584天
等级: 129
石头: 791
呼符: 25
体力: 79147.84666666666 / 138
友情点: 0 / 1474580`
*連続ログイン2日目
※ログインが途切れるか、7日到達すると
1日目から再開されます*
`英霊結晶・太陽のフォウくん X 1
聖晶石 X 1
8月交換券(2025) X 1
`_2025-08-15 19:35:41_
--------
*c94aade4f3e085e195dd9a4f10cffb4f*
`登陆天数: 2天 / 1736天
等级: 129
石头: 234
呼符: 30
体力: 79258.53333333334 / 138
友情点: 0 / 1240585`
*連続ログイン2日目
※ログインが途切れるか、7日到達すると
1日目から再開されます*
`英霊結晶・太陽のフォウくん X 1
聖晶石 X 1
8月交換券(2025) X 1
`_2025-08-15 19:35:49_
--------
