 【登录信息】
待签到用户数: 4个

*5b31fd3a6de5c029b6d14409aa8dc2ee*
`登陆天数: 51天 / 74天
等级: 125
石头: 1940
呼符: 56
体力: 186007.46333333335 / 137
友情点: 0 / 111805`
*連続ログイン2日目
※ログインが途切れるか、7日到達すると
1日目から再開されます*
`英霊結晶・太陽のフォウくん X 1
聖晶石 X 1
8月交換券(2025) X 1
`_2025-08-16 19:34:59_
--------
*36c493e7a0db72ee49eaecc7fc9ff638*
`登陆天数: 45天 / 1761天
等级: 129
石头: 43
呼符: 6
体力: 19774.246666666666 / 138
友情点: 0 / 857000`
*連続ログイン3日目
※ログインが途切れるか、7日到達すると
1日目から再開されます*
`英霊結晶・星のフォウくん X 1
叡智の業火 X 1
8月交換券(2025) X 1
`_2025-08-16 19:35:08_
--------
*8689154d0a67f48e86b04010c9a29579*
`登陆天数: 3天 / 1585天
等级: 129
石头: 791
呼符: 25
体力: 79435.76666666666 / 138
友情点: 0 / 1474580`
*連続ログイン3日目
※ログインが途切れるか、7日到達すると
1日目から再開されます*
`英霊結晶・星のフォウくん X 1
叡智の業火 X 1
8月交換券(2025) X 1
`_2025-08-16 19:35:16_
--------
*c94aade4f3e085e195dd9a4f10cffb4f*
`登陆天数: 3天 / 1737天
等级: 129
石头: 234
呼符: 30
体力: 79546.45 / 138
友情点: 0 / 1240585`
*連続ログイン3日目
※ログインが途切れるか、7日到達すると
1日目から再開されます*
`英霊結晶・星のフォウくん X 1
叡智の業火 X 1
8月交換券(2025) X 1
`_2025-08-16 19:35:25_
--------
