 【登录信息】
待签到用户数: 4个

*5b31fd3a6de5c029b6d14409aa8dc2ee*
`登陆天数: 54天 / 77天
等级: 125
石头: 1940
呼符: 56
体力: 186871.52 / 137
友情点: 0 / 111805`
*連続ログイン5日目
※ログインが途切れるか、7日到達すると
1日目から再開されます*
`叡智の業火 X 2
獣の足跡 X 1
8月交換券(2025) X 1
`_2025-08-19 19:35:16_
--------
*36c493e7a0db72ee49eaecc7fc9ff638*
`登陆天数: 48天 / 1764天
等级: 129
石头: 43
呼符: 6
体力: 20638.3 / 138
友情点: 0 / 857000`
*連続ログイン6日目
※ログインが途切れるか、7日到達すると
1日目から再開されます*
`英霊結晶・流星のフォウくん X 1
聖晶石 X 2
8月交換券(2025) X 1
`_2025-08-19 19:35:24_
--------
*8689154d0a67f48e86b04010c9a29579*
`登陆天数: 6天 / 1588天
等级: 129
石头: 791
呼符: 25
体力: 80299.82 / 138
友情点: 0 / 1474580`
*連続ログイン6日目
※ログインが途切れるか、7日到達すると
1日目から再開されます*
`英霊結晶・流星のフォウくん X 1
聖晶石 X 2
8月交換券(2025) X 1
`_2025-08-19 19:35:33_
--------
*c94aade4f3e085e195dd9a4f10cffb4f*
`登陆天数: 6天 / 1740天
等级: 129
石头: 234
呼符: 30
体力: 80410.50666666667 / 138
友情点: 0 / 1240585`
*連続ログイン6日目
※ログインが途切れるか、7日到達すると
1日目から再開されます*
`英霊結晶・流星のフォウくん X 1
聖晶石 X 2
8月交換券(2025) X 1
`_2025-08-19 19:35:41_
--------
