 【登录信息】
待签到用户数: 4个

*5b31fd3a6de5c029b6d14409aa8dc2ee*
`登陆天数: 55天 / 78天
等级: 125
石头: 1940
呼符: 56
体力: 187159.49333333335 / 137
友情点: 0 / 111805`
*連続ログイン6日目
※ログインが途切れるか、7日到達すると
1日目から再開されます*
`英霊結晶・流星のフォウくん X 1
聖晶石 X 2
8月交換券(2025) X 1
`_2025-08-20 19:35:08_
--------
*36c493e7a0db72ee49eaecc7fc9ff638*
`登陆天数: 49天 / 1765天
等级: 129
石头: 43
呼符: 6
体力: 20926.273333333334 / 138
友情点: 0 / 857000`
*連続ログイン7日間到達おめでとうございます！
明日は1日目からリスタートされます。*
`英霊結晶・日輪のフォウくん X 1
呼符 X 1
8月交換券(2025) X 1
`_2025-08-20 19:35:16_
--------
*8689154d0a67f48e86b04010c9a29579*
`登陆天数: 7天 / 1589天
等级: 129
石头: 791
呼符: 25
体力: 80587.79333333333 / 138
友情点: 0 / 1474580`
*連続ログイン7日間到達おめでとうございます！
明日は1日目からリスタートされます。*
`英霊結晶・日輪のフォウくん X 1
呼符 X 1
8月交換券(2025) X 1
`_2025-08-20 19:35:25_
--------
*c94aade4f3e085e195dd9a4f10cffb4f*
`登陆天数: 7天 / 1741天
等级: 129
石头: 234
呼符: 30
体力: 80698.48 / 138
友情点: 0 / 1240585`
*連続ログイン7日間到達おめでとうございます！
明日は1日目からリスタートされます。*
`英霊結晶・日輪のフォウくん X 1
呼符 X 1
8月交換券(2025) X 1
`_2025-08-20 19:35:34_
--------
