 【登录信息】
待签到用户数: 4个

*5b31fd3a6de5c029b6d14409aa8dc2ee*
`登陆天数: 59天 / 82天
等级: 125
石头: 1940
呼符: 56
体力: 188311.51 / 137
友情点: 0 / 111805`
*連続ログイン3日目
※ログインが途切れるか、7日到達すると
1日目から再開されます*
`英霊結晶・星のフォウくん X 1
叡智の業火 X 1
8月交換券(2025) X 1
`_2025-08-24 19:35:13_
--------
*36c493e7a0db72ee49eaecc7fc9ff638*
`登陆天数: 53天 / 1769天
等级: 129
石头: 43
呼符: 6
体力: 22078.293333333335 / 138
友情点: 0 / 857000`
*連続ログイン4日目
※ログインが途切れるか、7日到達すると
1日目から再開されます*
`英霊結晶・太陽のフォウくん X 1
聖晶石 X 1
8月交換券(2025) X 1
`_2025-08-24 19:35:22_
--------
*8689154d0a67f48e86b04010c9a29579*
`登陆天数: 11天 / 1593天
等级: 129
石头: 791
呼符: 25
体力: 81739.81333333334 / 138
友情点: 0 / 1474580`
*連続ログイン4日目
※ログインが途切れるか、7日到達すると
1日目から再開されます*
`英霊結晶・太陽のフォウくん X 1
聖晶石 X 1
8月交換券(2025) X 1
`_2025-08-24 19:35:30_
--------
*c94aade4f3e085e195dd9a4f10cffb4f*
`登陆天数: 11天 / 1745天
等级: 129
石头: 234
呼符: 30
体力: 81850.49666666667 / 138
友情点: 0 / 1240585`
*連続ログイン4日目
※ログインが途切れるか、7日到達すると
1日目から再開されます*
`英霊結晶・太陽のフォウくん X 1
聖晶石 X 1
8月交換券(2025) X 1
`_2025-08-24 19:35:39_
--------
